<?xml version="1.0" encoding="UTF-8"?>
<testng-results skipped="0" failed="0" total="1" passed="1">
  <reporter-output>
  </reporter-output>
  <suite name="com.qa.test.DemoTest" duration-ms="31" started-at="2018-10-17T17:58:43Z" finished-at="2018-10-17T17:58:43Z">
    <groups>
    </groups>
    <test name="Command line test" duration-ms="31" started-at="2018-10-17T17:58:43Z" finished-at="2018-10-17T17:58:43Z">
      <class name="com.qa.test.DemoTest">
        <test-method status="PASS" signature="sum()[pri:0, instance:com.qa.test.DemoTest@506e6d5e]" name="sum" duration-ms="14" started-at="2018-10-17T23:28:43Z" finished-at="2018-10-17T23:28:43Z">
          <reporter-output>
          </reporter-output>
        </test-method> <!-- sum -->
      </class> <!-- com.qa.test.DemoTest -->
    </test> <!-- Command line test -->
  </suite> <!-- com.qa.test.DemoTest -->
</testng-results>
