<?xml version="1.0" encoding="UTF-8"?>
<testng-results skipped="0" failed="0" total="1" passed="1">
  <reporter-output>
  </reporter-output>
  <suite name="Default suite" duration-ms="55" started-at="2018-10-17T18:12:55Z" finished-at="2018-10-17T18:12:55Z">
    <groups>
    </groups>
    <test name="Default test" duration-ms="55" started-at="2018-10-17T18:12:55Z" finished-at="2018-10-17T18:12:55Z">
      <class name="com.qa.test.DemoTest">
        <test-method status="PASS" signature="sum()[pri:0, instance:com.qa.test.DemoTest@548a9f61]" name="sum" duration-ms="21" started-at="2018-10-17T23:42:55Z" finished-at="2018-10-17T23:42:55Z">
          <reporter-output>
          </reporter-output>
        </test-method> <!-- sum -->
      </class> <!-- com.qa.test.DemoTest -->
    </test> <!-- Default test -->
  </suite> <!-- Default suite -->
</testng-results>
